Using pre-set license
Built from '2020.2/release' branch; Version is '2020.2.0f1 (3721df5a8b28) revision 3613151'; Using compiler version '192528614'; Build Type 'Release'
OS: 'Windows 10  (10.0.0) 64bit' Language: 'tr' Physical Memory: 8097 MB
BatchMode: 1, IsHumanControllingUs: 0, StartBugReporterOnCrash: 0, Is64bit: 1, IsPro: 0

 COMMAND LINE ARGUMENTS:
C:\Program Files\Unity\Editor\Unity.exe
-adb2
-batchMode
-noUpm
-name
AssetImportWorker0
-projectPath
C:/Users/Emre/Desktop/Nex/new beginnings
-logFile
Logs/AssetImportWorker0.log
-srvPort
50206
Successfully changed project path to: C:/Users/Emre/Desktop/Nex/new beginnings
C:/Users/Emre/Desktop/Nex/new beginnings
Using Asset Import Pipeline V2.
Refreshing native plugins compatible for Editor in 48.41 ms, found 0 plugins.
Preloading 0 native plugins for Editor in 0.00 ms.
Initialize engine version: 2020.2.0f1 (3721df5a8b28)
[Subsystems] Discovering subsystems at path C:/Program Files/Unity/Editor/Data/Resources/UnitySubsystems
[Subsystems] Discovering subsystems at path C:/Users/Emre/Desktop/Nex/new beginnings/Assets
GfxDevice: creating device client; threaded=0
Direct3D:
    Version:  Direct3D 11.0 [level 11.0]
    Renderer: NVIDIA GeForce GT 630M (ID=0xde9)
    Vendor:   
    VRAM:     1974 MB
    Driver:   23.21.13.9135
Initialize mono
Mono path[0] = 'C:/Program Files/Unity/Editor/Data/Managed'
Mono path[1] = 'C:/Program Files/Unity/Editor/Data/MonoBleedingEdge/lib/mono/unityjit'
Mono config path = 'C:/Program Files/Unity/Editor/Data/MonoBleedingEdge/etc'
Using monoOptions --debugger-agent=transport=dt_socket,embedding=1,server=y,suspend=n,address=127.0.0.1:56768
Begin MonoManager ReloadAssembly
Registering precompiled unity dll's ...
Register platform support module: C:/Program Files/Unity/Editor/Data/PlaybackEngines/WindowsStandaloneSupport/UnityEditor.WindowsStandalone.Extensions.dll
Registered in 0.006187 seconds.
Native extension for WindowsStandalone target not found
Refreshing native plugins compatible for Editor in 56.27 ms, found 0 plugins.
Preloading 0 native plugins for Editor in 0.00 ms.
Invoked RoslynAnalysisRunner static constructor.
RoslynAnalysisRunner will not be running.
RoslynAnalysisRunner has terminated.
Mono: successfully reloaded assembly
- Completed reload, in  5.065 seconds
Platform modules already initialized, skipping
Registering precompiled user dll's ...
Registered in 0.001722 seconds.
Begin MonoManager ReloadAssembly
Native extension for WindowsStandalone target not found
Refreshing native plugins compatible for Editor in 0.39 ms, found 0 plugins.
Preloading 0 native plugins for Editor in 0.00 ms.
Invoked RoslynAnalysisRunner static constructor.
RoslynAnalysisRunner will not be running.
RoslynAnalysisRunner has terminated.
Mono: successfully reloaded assembly
- Completed reload, in  1.599 seconds
Platform modules already initialized, skipping
========================================================================
Worker process is ready to serve import requests
Launched and connected shader compiler UnityShaderCompiler.exe after 0.13 seconds
Refreshing native plugins compatible for Editor in 0.46 ms, found 0 plugins.
Preloading 0 native plugins for Editor in 0.00 ms.
Unloading 1146 Unused Serialized files (Serialized files now loaded: 0)
System memory in use before: 128.8 MB.
System memory in use after: 128.9 MB.

Unloading 10 unused Assets to reduce memory usage. Loaded Objects now: 1590.
Total: 2.807000 ms (FindLiveObjects: 0.189000 ms CreateObjectMapping: 0.079800 ms MarkObjects: 2.432700 ms  DeleteObjects: 0.103300 ms)

========================================================================
Received Import Request.
  path: Assets/Scripts/Enemy.cs
  artifactKey: Guid(06c68c743fc481e4f90384e9bc320686) Importer(815301076,1909f56bfc062723c751e8b465ee728b)
Start importing Assets/Scripts/Enemy.cs using Guid(06c68c743fc481e4f90384e9bc320686) Importer(815301076,1909f56bfc062723c751e8b465ee728b)  -> (artifact id: '41684e83b8584e5b33b365265558335f') in 0.085022 seconds
  Import took 0.089380 seconds .

========================================================================
Received Import Request.
  Time since last request: 705.775974 seconds.
  path: Assets/Scripts/LevelManager.cs
  artifactKey: Guid(e8545cdc26405614cbb61dffd112195c) Importer(815301076,1909f56bfc062723c751e8b465ee728b)
Start importing Assets/Scripts/LevelManager.cs using Guid(e8545cdc26405614cbb61dffd112195c) Importer(815301076,1909f56bfc062723c751e8b465ee728b)  -> (artifact id: '0a7bbb90bcb5f3a6719abd3aad108d27') in 0.209253 seconds
  Import took 0.305604 seconds .

========================================================================
Received Prepare
Registering precompiled user dll's ...
Registered in 0.002410 seconds.
Begin MonoManager ReloadAssembly
Native extension for WindowsStandalone target not found
Refreshing native plugins compatible for Editor in 0.43 ms, found 0 plugins.
Preloading 0 native plugins for Editor in 0.00 ms.
Invoked RoslynAnalysisRunner static constructor.
RoslynAnalysisRunner will not be running.
RoslynAnalysisRunner has terminated.
Mono: successfully reloaded assembly
- Completed reload, in  2.052 seconds
Platform modules already initialized, skipping
Refreshing native plugins compatible for Editor in 0.42 ms, found 0 plugins.
Preloading 0 native plugins for Editor in 0.00 ms.
Unloading 1141 Unused Serialized files (Serialized files now loaded: 0)
System memory in use before: 129.0 MB.
System memory in use after: 129.1 MB.

Unloading 5 unused Assets to reduce memory usage. Loaded Objects now: 1592.
Total: 2.735700 ms (FindLiveObjects: 0.314500 ms CreateObjectMapping: 0.087100 ms MarkObjects: 2.260300 ms  DeleteObjects: 0.071600 ms)

========================================================================
Received Prepare
Registering precompiled user dll's ...
Registered in 0.003403 seconds.
Begin MonoManager ReloadAssembly
Native extension for WindowsStandalone target not found
Refreshing native plugins compatible for Editor in 0.40 ms, found 0 plugins.
Preloading 0 native plugins for Editor in 0.00 ms.
Invoked RoslynAnalysisRunner static constructor.
RoslynAnalysisRunner will not be running.
RoslynAnalysisRunner has terminated.
Mono: successfully reloaded assembly
- Completed reload, in  1.700 seconds
Platform modules already initialized, skipping
Refreshing native plugins compatible for Editor in 0.46 ms, found 0 plugins.
Preloading 0 native plugins for Editor in 0.00 ms.
Unloading 1141 Unused Serialized files (Serialized files now loaded: 0)
System memory in use before: 129.3 MB.
System memory in use after: 129.4 MB.

Unloading 5 unused Assets to reduce memory usage. Loaded Objects now: 1594.
Total: 4.259700 ms (FindLiveObjects: 0.286600 ms CreateObjectMapping: 0.108300 ms MarkObjects: 3.775800 ms  DeleteObjects: 0.085800 ms)

========================================================================
Received Prepare
Registering precompiled user dll's ...
Registered in 0.001699 seconds.
Begin MonoManager ReloadAssembly
Native extension for WindowsStandalone target not found
Refreshing native plugins compatible for Editor in 0.42 ms, found 0 plugins.
Preloading 0 native plugins for Editor in 0.00 ms.
Invoked RoslynAnalysisRunner static constructor.
RoslynAnalysisRunner will not be running.
RoslynAnalysisRunner has terminated.
Mono: successfully reloaded assembly
- Completed reload, in  1.566 seconds
Platform modules already initialized, skipping
Refreshing native plugins compatible for Editor in 0.52 ms, found 0 plugins.
Preloading 0 native plugins for Editor in 0.00 ms.
Unloading 1141 Unused Serialized files (Serialized files now loaded: 0)
System memory in use before: 129.5 MB.
System memory in use after: 129.6 MB.

Unloading 5 unused Assets to reduce memory usage. Loaded Objects now: 1596.
Total: 4.047000 ms (FindLiveObjects: 0.397000 ms CreateObjectMapping: 0.121700 ms MarkObjects: 3.443800 ms  DeleteObjects: 0.081600 ms)

========================================================================
Received Prepare
Registering precompiled user dll's ...
Registered in 0.002815 seconds.
Begin MonoManager ReloadAssembly
Native extension for WindowsStandalone target not found
Refreshing native plugins compatible for Editor in 0.54 ms, found 0 plugins.
Preloading 0 native plugins for Editor in 0.00 ms.
Invoked RoslynAnalysisRunner static constructor.
RoslynAnalysisRunner will not be running.
RoslynAnalysisRunner has terminated.
Mono: successfully reloaded assembly
- Completed reload, in  4.639 seconds
Platform modules already initialized, skipping
Refreshing native plugins compatible for Editor in 0.54 ms, found 0 plugins.
Preloading 0 native plugins for Editor in 0.00 ms.
Unloading 1141 Unused Serialized files (Serialized files now loaded: 0)
System memory in use before: 129.6 MB.
System memory in use after: 129.7 MB.

Unloading 5 unused Assets to reduce memory usage. Loaded Objects now: 1598.
Total: 6.411000 ms (FindLiveObjects: 0.549300 ms CreateObjectMapping: 0.094400 ms MarkObjects: 5.661700 ms  DeleteObjects: 0.101500 ms)

========================================================================
Received Prepare
Registering precompiled user dll's ...
Registered in 0.003213 seconds.
Begin MonoManager ReloadAssembly
Native extension for WindowsStandalone target not found
Refreshing native plugins compatible for Editor in 0.57 ms, found 0 plugins.
Preloading 0 native plugins for Editor in 0.00 ms.
Invoked RoslynAnalysisRunner static constructor.
RoslynAnalysisRunner will not be running.
RoslynAnalysisRunner has terminated.
Mono: successfully reloaded assembly
- Completed reload, in  4.505 seconds
Platform modules already initialized, skipping
Refreshing native plugins compatible for Editor in 1.59 ms, found 0 plugins.
Preloading 0 native plugins for Editor in 0.00 ms.
Unloading 1141 Unused Serialized files (Serialized files now loaded: 0)
System memory in use before: 130.0 MB.
System memory in use after: 130.1 MB.

Unloading 5 unused Assets to reduce memory usage. Loaded Objects now: 1600.
Total: 4.992500 ms (FindLiveObjects: 0.341400 ms CreateObjectMapping: 0.104100 ms MarkObjects: 4.421100 ms  DeleteObjects: 0.121900 ms)

========================================================================
Received Prepare
Registering precompiled user dll's ...
Registered in 0.002848 seconds.
Begin MonoManager ReloadAssembly
Native extension for WindowsStandalone target not found
Refreshing native plugins compatible for Editor in 0.58 ms, found 0 plugins.
Preloading 0 native plugins for Editor in 0.00 ms.
Invoked RoslynAnalysisRunner static constructor.
RoslynAnalysisRunner will not be running.
RoslynAnalysisRunner has terminated.
Mono: successfully reloaded assembly
- Completed reload, in  2.579 seconds
Platform modules already initialized, skipping
Refreshing native plugins compatible for Editor in 0.47 ms, found 0 plugins.
Preloading 0 native plugins for Editor in 0.00 ms.
Unloading 1141 Unused Serialized files (Serialized files now loaded: 0)
System memory in use before: 130.3 MB.
System memory in use after: 130.4 MB.

Unloading 5 unused Assets to reduce memory usage. Loaded Objects now: 1602.
Total: 3.243100 ms (FindLiveObjects: 0.501400 ms CreateObjectMapping: 0.161300 ms MarkObjects: 2.492800 ms  DeleteObjects: 0.084500 ms)

========================================================================
Received Prepare
Registering precompiled user dll's ...
Registered in 0.003203 seconds.
Begin MonoManager ReloadAssembly
Native extension for WindowsStandalone target not found
Refreshing native plugins compatible for Editor in 0.94 ms, found 0 plugins.
Preloading 0 native plugins for Editor in 0.00 ms.
Invoked RoslynAnalysisRunner static constructor.
RoslynAnalysisRunner will not be running.
RoslynAnalysisRunner has terminated.
Mono: successfully reloaded assembly
- Completed reload, in  2.898 seconds
Platform modules already initialized, skipping
Refreshing native plugins compatible for Editor in 0.46 ms, found 0 plugins.
Preloading 0 native plugins for Editor in 0.00 ms.
Unloading 1141 Unused Serialized files (Serialized files now loaded: 0)
System memory in use before: 130.5 MB.
System memory in use after: 130.6 MB.

Unloading 5 unused Assets to reduce memory usage. Loaded Objects now: 1604.
Total: 4.756900 ms (FindLiveObjects: 0.347500 ms CreateObjectMapping: 0.105900 ms MarkObjects: 4.203200 ms  DeleteObjects: 0.097300 ms)

========================================================================
Received Prepare
Registering precompiled user dll's ...
Registered in 0.005855 seconds.
Begin MonoManager ReloadAssembly
Native extension for WindowsStandalone target not found
Refreshing native plugins compatible for Editor in 0.52 ms, found 0 plugins.
Preloading 0 native plugins for Editor in 0.00 ms.
Invoked RoslynAnalysisRunner static constructor.
RoslynAnalysisRunner will not be running.
RoslynAnalysisRunner has terminated.
Mono: successfully reloaded assembly
- Completed reload, in  5.079 seconds
Platform modules already initialized, skipping
Refreshing native plugins compatible for Editor in 0.55 ms, found 0 plugins.
Preloading 0 native plugins for Editor in 0.00 ms.
Unloading 1141 Unused Serialized files (Serialized files now loaded: 0)
System memory in use before: 130.6 MB.
System memory in use after: 130.7 MB.

Unloading 5 unused Assets to reduce memory usage. Loaded Objects now: 1606.
Total: 6.245200 ms (FindLiveObjects: 0.534800 ms CreateObjectMapping: 0.231000 ms MarkObjects: 5.368800 ms  DeleteObjects: 0.106100 ms)

========================================================================
Received Prepare
Registering precompiled user dll's ...
Registered in 0.005040 seconds.
Begin MonoManager ReloadAssembly
Native extension for WindowsStandalone target not found
Refreshing native plugins compatible for Editor in 1.02 ms, found 0 plugins.
Preloading 0 native plugins for Editor in 0.00 ms.
Invoked RoslynAnalysisRunner static constructor.
RoslynAnalysisRunner will not be running.
RoslynAnalysisRunner has terminated.
Mono: successfully reloaded assembly
- Completed reload, in  4.348 seconds
Platform modules already initialized, skipping
Refreshing native plugins compatible for Editor in 0.83 ms, found 0 plugins.
Preloading 0 native plugins for Editor in 0.00 ms.
Unloading 1141 Unused Serialized files (Serialized files now loaded: 0)
System memory in use before: 130.0 MB.
System memory in use after: 130.1 MB.

Unloading 5 unused Assets to reduce memory usage. Loaded Objects now: 1608.
Total: 6.427100 ms (FindLiveObjects: 0.806500 ms CreateObjectMapping: 0.217700 ms MarkObjects: 5.275500 ms  DeleteObjects: 0.122800 ms)

========================================================================
Received Prepare
Registering precompiled user dll's ...
Registered in 0.003477 seconds.
Begin MonoManager ReloadAssembly
Native extension for WindowsStandalone target not found
Refreshing native plugins compatible for Editor in 0.72 ms, found 0 plugins.
Preloading 0 native plugins for Editor in 0.00 ms.
Invoked RoslynAnalysisRunner static constructor.
RoslynAnalysisRunner will not be running.
RoslynAnalysisRunner has terminated.
Mono: successfully reloaded assembly
- Completed reload, in  3.761 seconds
Platform modules already initialized, skipping
Refreshing native plugins compatible for Editor in 0.53 ms, found 0 plugins.
Preloading 0 native plugins for Editor in 0.00 ms.
Unloading 1141 Unused Serialized files (Serialized files now loaded: 0)
System memory in use before: 130.3 MB.
System memory in use after: 130.3 MB.

Unloading 5 unused Assets to reduce memory usage. Loaded Objects now: 1610.
Total: 3.552800 ms (FindLiveObjects: 0.356800 ms CreateObjectMapping: 0.098400 ms MarkObjects: 3.002600 ms  DeleteObjects: 0.091600 ms)

========================================================================
Received Prepare
Registering precompiled user dll's ...
Registered in 0.004422 seconds.
Begin MonoManager ReloadAssembly
Native extension for WindowsStandalone target not found
Refreshing native plugins compatible for Editor in 0.65 ms, found 0 plugins.
Preloading 0 native plugins for Editor in 0.00 ms.
Invoked RoslynAnalysisRunner static constructor.
RoslynAnalysisRunner will not be running.
RoslynAnalysisRunner has terminated.
Mono: successfully reloaded assembly
- Completed reload, in  3.558 seconds
Platform modules already initialized, skipping
Refreshing native plugins compatible for Editor in 0.66 ms, found 0 plugins.
Preloading 0 native plugins for Editor in 0.00 ms.
Unloading 1141 Unused Serialized files (Serialized files now loaded: 0)
System memory in use before: 130.5 MB.
System memory in use after: 130.6 MB.

Unloading 5 unused Assets to reduce memory usage. Loaded Objects now: 1612.
Total: 5.040900 ms (FindLiveObjects: 0.498200 ms CreateObjectMapping: 0.133800 ms MarkObjects: 4.252400 ms  DeleteObjects: 0.152100 ms)

========================================================================
Received Prepare
Registering precompiled user dll's ...
Registered in 0.004042 seconds.
Begin MonoManager ReloadAssembly
Native extension for WindowsStandalone target not found
Refreshing native plugins compatible for Editor in 2.34 ms, found 0 plugins.
Preloading 0 native plugins for Editor in 0.00 ms.
Invoked RoslynAnalysisRunner static constructor.
RoslynAnalysisRunner will not be running.
RoslynAnalysisRunner has terminated.
Mono: successfully reloaded assembly
- Completed reload, in  3.963 seconds
Platform modules already initialized, skipping
Refreshing native plugins compatible for Editor in 0.68 ms, found 0 plugins.
Preloading 0 native plugins for Editor in 0.00 ms.
Unloading 1141 Unused Serialized files (Serialized files now loaded: 0)
System memory in use before: 130.6 MB.
System memory in use after: 130.7 MB.

Unloading 5 unused Assets to reduce memory usage. Loaded Objects now: 1614.
Total: 38.610100 ms (FindLiveObjects: 28.291200 ms CreateObjectMapping: 0.360700 ms MarkObjects: 9.766400 ms  DeleteObjects: 0.187400 ms)

========================================================================
Received Prepare
Registering precompiled user dll's ...
Registered in 0.003421 seconds.
Begin MonoManager ReloadAssembly
Native extension for WindowsStandalone target not found
Refreshing native plugins compatible for Editor in 0.56 ms, found 0 plugins.
Preloading 0 native plugins for Editor in 0.00 ms.
Invoked RoslynAnalysisRunner static constructor.
RoslynAnalysisRunner will not be running.
RoslynAnalysisRunner has terminated.
Mono: successfully reloaded assembly
- Completed reload, in  3.958 seconds
Platform modules already initialized, skipping
Refreshing native plugins compatible for Editor in 1.81 ms, found 0 plugins.
Preloading 0 native plugins for Editor in 0.00 ms.
Unloading 1141 Unused Serialized files (Serialized files now loaded: 0)
System memory in use before: 130.0 MB.
System memory in use after: 130.1 MB.

Unloading 5 unused Assets to reduce memory usage. Loaded Objects now: 1616.
Total: 3.454000 ms (FindLiveObjects: 0.354300 ms CreateObjectMapping: 0.129700 ms MarkObjects: 2.883000 ms  DeleteObjects: 0.083900 ms)

========================================================================
Received Prepare
Registering precompiled user dll's ...
Registered in 0.002333 seconds.
Begin MonoManager ReloadAssembly
Native extension for WindowsStandalone target not found
Refreshing native plugins compatible for Editor in 0.40 ms, found 0 plugins.
Preloading 0 native plugins for Editor in 0.00 ms.
Invoked RoslynAnalysisRunner static constructor.
RoslynAnalysisRunner will not be running.
RoslynAnalysisRunner has terminated.
Mono: successfully reloaded assembly
- Completed reload, in  3.423 seconds
Platform modules already initialized, skipping
Refreshing native plugins compatible for Editor in 0.46 ms, found 0 plugins.
Preloading 0 native plugins for Editor in 0.00 ms.
Unloading 1141 Unused Serialized files (Serialized files now loaded: 0)
System memory in use before: 130.3 MB.
System memory in use after: 130.3 MB.

Unloading 5 unused Assets to reduce memory usage. Loaded Objects now: 1618.
Total: 7.015900 ms (FindLiveObjects: 0.663400 ms CreateObjectMapping: 0.280700 ms MarkObjects: 5.910000 ms  DeleteObjects: 0.156600 ms)

========================================================================
Received Import Request.
  Time since last request: 3713.857606 seconds.
  path: Assets/Scripts/Player.cs
  artifactKey: Guid(1988ee82a28591c46804dbe61a892a1c) Importer(815301076,1909f56bfc062723c751e8b465ee728b)
Start importing Assets/Scripts/Player.cs using Guid(1988ee82a28591c46804dbe61a892a1c) Importer(815301076,1909f56bfc062723c751e8b465ee728b)  -> (artifact id: '6c216e2b7cf87f8bf77a9495a9dd9d3f') in 0.020209 seconds
  Import took 0.026273 seconds .

========================================================================
Received Import Request.
  Time since last request: 0.081520 seconds.
  path: Assets/Scripts/Player.cs
  artifactKey: Guid(1988ee82a28591c46804dbe61a892a1c) Importer(815301076,1909f56bfc062723c751e8b465ee728b)
Start importing Assets/Scripts/Player.cs using Guid(1988ee82a28591c46804dbe61a892a1c) Importer(815301076,1909f56bfc062723c751e8b465ee728b)  -> (artifact id: '6c216e2b7cf87f8bf77a9495a9dd9d3f') in 0.007237 seconds
  Import took 0.013182 seconds .

========================================================================
Received Import Request.
  Time since last request: 0.406483 seconds.
  path: Assets/Scripts/JoystickController.cs
  artifactKey: Guid(45d358b45a4325a40ae8a07dea502172) Importer(815301076,1909f56bfc062723c751e8b465ee728b)
Start importing Assets/Scripts/JoystickController.cs using Guid(45d358b45a4325a40ae8a07dea502172) Importer(815301076,1909f56bfc062723c751e8b465ee728b)  -> (artifact id: 'dea6baf4cbcd99e950d576c459c251cb') in 0.014810 seconds
  Import took 0.023076 seconds .

========================================================================
Received Import Request.
  Time since last request: 0.007649 seconds.
  path: Assets/Scripts/JoystickController.cs
  artifactKey: Guid(45d358b45a4325a40ae8a07dea502172) Importer(815301076,1909f56bfc062723c751e8b465ee728b)
Start importing Assets/Scripts/JoystickController.cs using Guid(45d358b45a4325a40ae8a07dea502172) Importer(815301076,1909f56bfc062723c751e8b465ee728b)  -> (artifact id: 'dea6baf4cbcd99e950d576c459c251cb') in 0.011078 seconds
  Import took 0.016928 seconds .

========================================================================
Received Prepare
Registering precompiled user dll's ...
Registered in 0.004620 seconds.
Begin MonoManager ReloadAssembly
Native extension for WindowsStandalone target not found
Refreshing native plugins compatible for Editor in 0.70 ms, found 0 plugins.
Preloading 0 native plugins for Editor in 0.00 ms.
Invoked RoslynAnalysisRunner static constructor.
RoslynAnalysisRunner will not be running.
RoslynAnalysisRunner has terminated.
Mono: successfully reloaded assembly
- Completed reload, in  4.263 seconds
Platform modules already initialized, skipping
Refreshing native plugins compatible for Editor in 0.83 ms, found 0 plugins.
Preloading 0 native plugins for Editor in 0.00 ms.
Unloading 1141 Unused Serialized files (Serialized files now loaded: 0)
System memory in use before: 130.5 MB.
System memory in use after: 130.6 MB.

Unloading 5 unused Assets to reduce memory usage. Loaded Objects now: 1620.
Total: 5.101100 ms (FindLiveObjects: 0.402900 ms CreateObjectMapping: 0.221400 ms MarkObjects: 4.378500 ms  DeleteObjects: 0.094600 ms)

========================================================================
Received Prepare
Registering precompiled user dll's ...
Registered in 0.002292 seconds.
Begin MonoManager ReloadAssembly
Native extension for WindowsStandalone target not found
Refreshing native plugins compatible for Editor in 0.44 ms, found 0 plugins.
Preloading 0 native plugins for Editor in 0.00 ms.
Invoked RoslynAnalysisRunner static constructor.
RoslynAnalysisRunner will not be running.
RoslynAnalysisRunner has terminated.
Mono: successfully reloaded assembly
- Completed reload, in  3.053 seconds
Platform modules already initialized, skipping
Refreshing native plugins compatible for Editor in 0.44 ms, found 0 plugins.
Preloading 0 native plugins for Editor in 0.00 ms.
Unloading 1141 Unused Serialized files (Serialized files now loaded: 0)
System memory in use before: 130.7 MB.
System memory in use after: 130.7 MB.

Unloading 5 unused Assets to reduce memory usage. Loaded Objects now: 1622.
Total: 4.378000 ms (FindLiveObjects: 0.207000 ms CreateObjectMapping: 0.080800 ms MarkObjects: 4.009700 ms  DeleteObjects: 0.077300 ms)

========================================================================
Received Prepare
Registering precompiled user dll's ...
Registered in 0.001997 seconds.
Begin MonoManager ReloadAssembly
Native extension for WindowsStandalone target not found
Refreshing native plugins compatible for Editor in 0.46 ms, found 0 plugins.
Preloading 0 native plugins for Editor in 0.00 ms.
Invoked RoslynAnalysisRunner static constructor.
RoslynAnalysisRunner will not be running.
RoslynAnalysisRunner has terminated.
Mono: successfully reloaded assembly
- Completed reload, in  2.127 seconds
Platform modules already initialized, skipping
Refreshing native plugins compatible for Editor in 0.43 ms, found 0 plugins.
Preloading 0 native plugins for Editor in 0.00 ms.
Unloading 1141 Unused Serialized files (Serialized files now loaded: 0)
System memory in use before: 130.0 MB.
System memory in use after: 130.1 MB.

Unloading 5 unused Assets to reduce memory usage. Loaded Objects now: 1624.
Total: 3.334300 ms (FindLiveObjects: 0.294700 ms CreateObjectMapping: 0.071000 ms MarkObjects: 2.866300 ms  DeleteObjects: 0.099300 ms)

========================================================================
Received Prepare
Registering precompiled user dll's ...
Registered in 0.002156 seconds.
Begin MonoManager ReloadAssembly
Native extension for WindowsStandalone target not found
Refreshing native plugins compatible for Editor in 0.45 ms, found 0 plugins.
Preloading 0 native plugins for Editor in 0.00 ms.
Invoked RoslynAnalysisRunner static constructor.
RoslynAnalysisRunner will not be running.
RoslynAnalysisRunner has terminated.
Mono: successfully reloaded assembly
- Completed reload, in  2.194 seconds
Platform modules already initialized, skipping
Refreshing native plugins compatible for Editor in 0.70 ms, found 0 plugins.
Preloading 0 native plugins for Editor in 0.00 ms.
Unloading 1141 Unused Serialized files (Serialized files now loaded: 0)
System memory in use before: 130.2 MB.
System memory in use after: 130.3 MB.

Unloading 5 unused Assets to reduce memory usage. Loaded Objects now: 1626.
Total: 2.816100 ms (FindLiveObjects: 0.211400 ms CreateObjectMapping: 0.077500 ms MarkObjects: 2.447400 ms  DeleteObjects: 0.077500 ms)

========================================================================
Received Import Request.
  Time since last request: 2319.735056 seconds.
  path: Assets/Animations/Enemies/Enemy.controller
  artifactKey: Guid(a46fb5520c535bd49a8e5398d1ed97b9) Importer(815301076,1909f56bfc062723c751e8b465ee728b)
Start importing Assets/Animations/Enemies/Enemy.controller using Guid(a46fb5520c535bd49a8e5398d1ed97b9) Importer(815301076,1909f56bfc062723c751e8b465ee728b)  -> (artifact id: '8a418490b7035ca3698b9adda1214cb5') in 0.073710 seconds
  Import took 0.078312 seconds .

========================================================================
Received Prepare
Registering precompiled user dll's ...
Registered in 0.001624 seconds.
Begin MonoManager ReloadAssembly
Native extension for WindowsStandalone target not found
Refreshing native plugins compatible for Editor in 0.45 ms, found 0 plugins.
Preloading 0 native plugins for Editor in 0.00 ms.
Invoked RoslynAnalysisRunner static constructor.
RoslynAnalysisRunner will not be running.
RoslynAnalysisRunner has terminated.
Mono: successfully reloaded assembly
- Completed reload, in  2.007 seconds
Platform modules already initialized, skipping
Refreshing native plugins compatible for Editor in 0.44 ms, found 0 plugins.
Preloading 0 native plugins for Editor in 0.00 ms.
Unloading 1141 Unused Serialized files (Serialized files now loaded: 0)
System memory in use before: 130.5 MB.
System memory in use after: 130.6 MB.

Unloading 5 unused Assets to reduce memory usage. Loaded Objects now: 1628.
Total: 2.893900 ms (FindLiveObjects: 0.311100 ms CreateObjectMapping: 0.098400 ms MarkObjects: 2.408500 ms  DeleteObjects: 0.073500 ms)

========================================================================
Received Import Request.
  Time since last request: 54.229732 seconds.
  path: Assets/Animations/Enemies/IDLE_ZOMBIE.fbx
  artifactKey: Guid(c2683d3011b40d543b71f9b5a793feff) Importer(815301076,1909f56bfc062723c751e8b465ee728b)
Start importing Assets/Animations/Enemies/IDLE_ZOMBIE.fbx using Guid(c2683d3011b40d543b71f9b5a793feff) Importer(815301076,1909f56bfc062723c751e8b465ee728b)  -> (artifact id: '46d04469290b3b3f89b85f2559b8a2fa') in 0.171818 seconds
  Import took 0.178682 seconds .

========================================================================
Received Import Request.
  Time since last request: 2.188122 seconds.
  path: Assets/Animations/Enemies/IDLE_ZOMBIE.fbx
  artifactKey: Guid(c2683d3011b40d543b71f9b5a793feff) Importer(815301076,1909f56bfc062723c751e8b465ee728b)
Start importing Assets/Animations/Enemies/IDLE_ZOMBIE.fbx using Guid(c2683d3011b40d543b71f9b5a793feff) Importer(815301076,1909f56bfc062723c751e8b465ee728b)  -> (artifact id: '46d04469290b3b3f89b85f2559b8a2fa') in 0.011167 seconds
  Import took 0.015166 seconds .

========================================================================
Received Prepare
Registering precompiled user dll's ...
Registered in 0.002087 seconds.
Begin MonoManager ReloadAssembly
Native extension for WindowsStandalone target not found
Refreshing native plugins compatible for Editor in 0.46 ms, found 0 plugins.
Preloading 0 native plugins for Editor in 0.00 ms.
Invoked RoslynAnalysisRunner static constructor.
RoslynAnalysisRunner will not be running.
RoslynAnalysisRunner has terminated.
Mono: successfully reloaded assembly
- Completed reload, in  2.093 seconds
Platform modules already initialized, skipping
Refreshing native plugins compatible for Editor in 0.46 ms, found 0 plugins.
Preloading 0 native plugins for Editor in 0.00 ms.
Unloading 1141 Unused Serialized files (Serialized files now loaded: 0)
System memory in use before: 130.7 MB.
System memory in use after: 130.8 MB.

Unloading 5 unused Assets to reduce memory usage. Loaded Objects now: 1630.
Total: 2.799700 ms (FindLiveObjects: 0.186900 ms CreateObjectMapping: 0.075600 ms MarkObjects: 2.463900 ms  DeleteObjects: 0.071300 ms)

========================================================================
Received Import Request.
  Time since last request: 13.710018 seconds.
  path: Assets/Animations/Enemies/WALKING_ZOMBIE.fbx
  artifactKey: Guid(40cab6de21b18fd43ac188c167ff5424) Importer(815301076,1909f56bfc062723c751e8b465ee728b)
Start importing Assets/Animations/Enemies/WALKING_ZOMBIE.fbx using Guid(40cab6de21b18fd43ac188c167ff5424) Importer(815301076,1909f56bfc062723c751e8b465ee728b)  -> (artifact id: '81d3515b7653640ae01d26447fed1522') in 0.057946 seconds
  Import took 0.063053 seconds .

========================================================================
Received Import Request.
  Time since last request: 2.380116 seconds.
  path: Assets/Animations/Enemies/WALKING_ZOMBIE.fbx
  artifactKey: Guid(40cab6de21b18fd43ac188c167ff5424) Importer(815301076,1909f56bfc062723c751e8b465ee728b)
Start importing Assets/Animations/Enemies/WALKING_ZOMBIE.fbx using Guid(40cab6de21b18fd43ac188c167ff5424) Importer(815301076,1909f56bfc062723c751e8b465ee728b)  -> (artifact id: '81d3515b7653640ae01d26447fed1522') in 0.013396 seconds
  Import took 0.018051 seconds .

========================================================================
Received Prepare
Registering precompiled user dll's ...
Registered in 0.001987 seconds.
Begin MonoManager ReloadAssembly
Native extension for WindowsStandalone target not found
Refreshing native plugins compatible for Editor in 0.38 ms, found 0 plugins.
Preloading 0 native plugins for Editor in 0.00 ms.
Invoked RoslynAnalysisRunner static constructor.
RoslynAnalysisRunner will not be running.
RoslynAnalysisRunner has terminated.
Mono: successfully reloaded assembly
- Completed reload, in  2.051 seconds
Platform modules already initialized, skipping
Refreshing native plugins compatible for Editor in 0.52 ms, found 0 plugins.
Preloading 0 native plugins for Editor in 0.00 ms.
Unloading 1141 Unused Serialized files (Serialized files now loaded: 0)
System memory in use before: 130.0 MB.
System memory in use after: 130.1 MB.

Unloading 5 unused Assets to reduce memory usage. Loaded Objects now: 1632.
Total: 2.688700 ms (FindLiveObjects: 0.296300 ms CreateObjectMapping: 0.081900 ms MarkObjects: 2.241700 ms  DeleteObjects: 0.066300 ms)

========================================================================
Received Import Request.
  Time since last request: 22.227093 seconds.
  path: Assets/Animations/Enemies/WALKING_ZOMBIE.fbx
  artifactKey: Guid(40cab6de21b18fd43ac188c167ff5424) Importer(815301076,1909f56bfc062723c751e8b465ee728b)
Start importing Assets/Animations/Enemies/WALKING_ZOMBIE.fbx using Guid(40cab6de21b18fd43ac188c167ff5424) Importer(815301076,1909f56bfc062723c751e8b465ee728b)  -> (artifact id: 'da229778a7f39b7857d469920580815e') in 0.065021 seconds
  Import took 0.070063 seconds .

========================================================================
Received Import Request.
  Time since last request: 3.062369 seconds.
  path: Assets/Animations/Enemies/WALKING_ZOMBIE.fbx
  artifactKey: Guid(40cab6de21b18fd43ac188c167ff5424) Importer(815301076,1909f56bfc062723c751e8b465ee728b)
Start importing Assets/Animations/Enemies/WALKING_ZOMBIE.fbx using Guid(40cab6de21b18fd43ac188c167ff5424) Importer(815301076,1909f56bfc062723c751e8b465ee728b)  -> (artifact id: 'da229778a7f39b7857d469920580815e') in 0.014992 seconds
  Import took 0.021040 seconds .

========================================================================
Received Prepare
Registering precompiled user dll's ...
Registered in 0.002054 seconds.
Begin MonoManager ReloadAssembly
Native extension for WindowsStandalone target not found
Refreshing native plugins compatible for Editor in 0.39 ms, found 0 plugins.
Preloading 0 native plugins for Editor in 0.00 ms.
Invoked RoslynAnalysisRunner static constructor.
RoslynAnalysisRunner will not be running.
RoslynAnalysisRunner has terminated.
Mono: successfully reloaded assembly
- Completed reload, in  1.915 seconds
Platform modules already initialized, skipping
Refreshing native plugins compatible for Editor in 0.48 ms, found 0 plugins.
Preloading 0 native plugins for Editor in 0.00 ms.
Unloading 1141 Unused Serialized files (Serialized files now loaded: 0)
System memory in use before: 130.3 MB.
System memory in use after: 130.3 MB.

Unloading 5 unused Assets to reduce memory usage. Loaded Objects now: 1634.
Total: 5.037000 ms (FindLiveObjects: 0.568100 ms CreateObjectMapping: 0.181500 ms MarkObjects: 4.168900 ms  DeleteObjects: 0.112800 ms)

========================================================================
Received Import Request.
  Time since last request: 34.242533 seconds.
  path: Assets/Animations/Enemies/WALKING_ZOMBIE.fbx
  artifactKey: Guid(40cab6de21b18fd43ac188c167ff5424) Importer(815301076,1909f56bfc062723c751e8b465ee728b)
Start importing Assets/Animations/Enemies/WALKING_ZOMBIE.fbx using Guid(40cab6de21b18fd43ac188c167ff5424) Importer(815301076,1909f56bfc062723c751e8b465ee728b)  -> (artifact id: '0514adc43f4f38ec733ccb69344b0383') in 0.081171 seconds
  Import took 0.088525 seconds .

========================================================================
Received Import Request.
  Time since last request: 0.007190 seconds.
  path: Assets/Animations/Enemies/WALKING_ZOMBIE.fbx
  artifactKey: Guid(40cab6de21b18fd43ac188c167ff5424) Importer(815301076,1909f56bfc062723c751e8b465ee728b)
Start importing Assets/Animations/Enemies/WALKING_ZOMBIE.fbx using Guid(40cab6de21b18fd43ac188c167ff5424) Importer(815301076,1909f56bfc062723c751e8b465ee728b)  -> (artifact id: '0514adc43f4f38ec733ccb69344b0383') in 0.015476 seconds
  Import took 0.020562 seconds .

========================================================================
Received Import Request.
  Time since last request: 1.489633 seconds.
  path: Assets/Animations/Enemies/WALKING_ZOMBIE.fbx
  artifactKey: Guid(40cab6de21b18fd43ac188c167ff5424) Importer(815301076,1909f56bfc062723c751e8b465ee728b)
Start importing Assets/Animations/Enemies/WALKING_ZOMBIE.fbx using Guid(40cab6de21b18fd43ac188c167ff5424) Importer(815301076,1909f56bfc062723c751e8b465ee728b)  -> (artifact id: '59de518f81d1a3d8bdfa2714b3d3fac9') in 0.012736 seconds
  Import took 0.017839 seconds .

========================================================================
Received Import Request.
  Time since last request: 0.002645 seconds.
  path: Assets/Animations/Enemies/WALKING_ZOMBIE.fbx
  artifactKey: Guid(40cab6de21b18fd43ac188c167ff5424) Importer(815301076,1909f56bfc062723c751e8b465ee728b)
Start importing Assets/Animations/Enemies/WALKING_ZOMBIE.fbx using Guid(40cab6de21b18fd43ac188c167ff5424) Importer(815301076,1909f56bfc062723c751e8b465ee728b)  -> (artifact id: '59de518f81d1a3d8bdfa2714b3d3fac9') in 0.012042 seconds
  Import took 0.016582 seconds .

========================================================================
Received Prepare
Registering precompiled user dll's ...
Registered in 0.001871 seconds.
Begin MonoManager ReloadAssembly
Native extension for WindowsStandalone target not found
Refreshing native plugins compatible for Editor in 0.41 ms, found 0 plugins.
Preloading 0 native plugins for Editor in 0.00 ms.
Invoked RoslynAnalysisRunner static constructor.
RoslynAnalysisRunner will not be running.
RoslynAnalysisRunner has terminated.
Mono: successfully reloaded assembly
- Completed reload, in  1.892 seconds
Platform modules already initialized, skipping
Refreshing native plugins compatible for Editor in 0.40 ms, found 0 plugins.
Preloading 0 native plugins for Editor in 0.00 ms.
Unloading 1141 Unused Serialized files (Serialized files now loaded: 0)
System memory in use before: 130.5 MB.
System memory in use after: 130.6 MB.

Unloading 5 unused Assets to reduce memory usage. Loaded Objects now: 1636.
Total: 2.430500 ms (FindLiveObjects: 0.265200 ms CreateObjectMapping: 0.076500 ms MarkObjects: 2.026700 ms  DeleteObjects: 0.059900 ms)

========================================================================
Received Prepare
Registering precompiled user dll's ...
Registered in 0.002115 seconds.
Begin MonoManager ReloadAssembly
Native extension for WindowsStandalone target not found
Refreshing native plugins compatible for Editor in 0.44 ms, found 0 plugins.
Preloading 0 native plugins for Editor in 0.00 ms.
Invoked RoslynAnalysisRunner static constructor.
RoslynAnalysisRunner will not be running.
RoslynAnalysisRunner has terminated.
Mono: successfully reloaded assembly
- Completed reload, in  1.788 seconds
Platform modules already initialized, skipping
Refreshing native plugins compatible for Editor in 0.42 ms, found 0 plugins.
Preloading 0 native plugins for Editor in 0.00 ms.
Unloading 1141 Unused Serialized files (Serialized files now loaded: 0)
System memory in use before: 130.7 MB.
System memory in use after: 130.8 MB.

Unloading 5 unused Assets to reduce memory usage. Loaded Objects now: 1638.
Total: 3.312000 ms (FindLiveObjects: 0.181500 ms CreateObjectMapping: 0.067900 ms MarkObjects: 2.990400 ms  DeleteObjects: 0.069900 ms)

========================================================================
Received Prepare
Registering precompiled user dll's ...
Registered in 0.002254 seconds.
Begin MonoManager ReloadAssembly
Native extension for WindowsStandalone target not found
Refreshing native plugins compatible for Editor in 0.62 ms, found 0 plugins.
Preloading 0 native plugins for Editor in 0.00 ms.
Invoked RoslynAnalysisRunner static constructor.
RoslynAnalysisRunner will not be running.
RoslynAnalysisRunner has terminated.
Mono: successfully reloaded assembly
- Completed reload, in  2.115 seconds
Platform modules already initialized, skipping
Refreshing native plugins compatible for Editor in 0.38 ms, found 0 plugins.
Preloading 0 native plugins for Editor in 0.00 ms.
Unloading 1141 Unused Serialized files (Serialized files now loaded: 0)
System memory in use before: 130.0 MB.
System memory in use after: 130.1 MB.

Unloading 5 unused Assets to reduce memory usage. Loaded Objects now: 1640.
Total: 2.417400 ms (FindLiveObjects: 0.267700 ms CreateObjectMapping: 0.071200 ms MarkObjects: 2.013700 ms  DeleteObjects: 0.062500 ms)

========================================================================
Received Prepare
Registering precompiled user dll's ...
Registered in 0.004571 seconds.
Begin MonoManager ReloadAssembly
Native extension for WindowsStandalone target not found
Refreshing native plugins compatible for Editor in 0.65 ms, found 0 plugins.
Preloading 0 native plugins for Editor in 0.00 ms.
Invoked RoslynAnalysisRunner static constructor.
RoslynAnalysisRunner will not be running.
RoslynAnalysisRunner has terminated.
Mono: successfully reloaded assembly
- Completed reload, in  3.833 seconds
Platform modules already initialized, skipping
Refreshing native plugins compatible for Editor in 0.50 ms, found 0 plugins.
Preloading 0 native plugins for Editor in 0.00 ms.
Unloading 1141 Unused Serialized files (Serialized files now loaded: 0)
System memory in use before: 130.2 MB.
System memory in use after: 130.3 MB.

Unloading 5 unused Assets to reduce memory usage. Loaded Objects now: 1642.
Total: 3.205000 ms (FindLiveObjects: 0.220600 ms CreateObjectMapping: 0.079500 ms MarkObjects: 2.815900 ms  DeleteObjects: 0.085300 ms)

========================================================================
Received Import Request.
  Time since last request: 6451.973265 seconds.
  path: Assets/Animations/Players/Ch36_nonPBR@Fire Rifle.fbx
  artifactKey: Guid(14dee78e805cd9b42927a37de0ab44e9) Importer(815301076,1909f56bfc062723c751e8b465ee728b)
Start importing Assets/Animations/Players/Ch36_nonPBR@Fire Rifle.fbx using Guid(14dee78e805cd9b42927a37de0ab44e9) Importer(815301076,1909f56bfc062723c751e8b465ee728b)  -> (artifact id: 'd37c8efa278eaad10b7ce8bb5e8fe417') in 0.118045 seconds
  Import took 0.127292 seconds .

========================================================================
Received Import Request.
  Time since last request: 74.023725 seconds.
  path: Assets/Animations/Players/Ch36_nonPBR@Fire Rifle.fbx
  artifactKey: Guid(14dee78e805cd9b42927a37de0ab44e9) Importer(815301076,1909f56bfc062723c751e8b465ee728b)
Start importing Assets/Animations/Players/Ch36_nonPBR@Fire Rifle.fbx using Guid(14dee78e805cd9b42927a37de0ab44e9) Importer(815301076,1909f56bfc062723c751e8b465ee728b)  -> (artifact id: '3a982082f1e88eab1da5e22dc75285d2') in 0.010540 seconds
  Import took 0.015635 seconds .

========================================================================
Received Import Request.
  Time since last request: 0.041603 seconds.
  path: Assets/Animations/Players/Ch36_nonPBR@Fire Rifle.fbx
  artifactKey: Guid(14dee78e805cd9b42927a37de0ab44e9) Importer(815301076,1909f56bfc062723c751e8b465ee728b)
Start importing Assets/Animations/Players/Ch36_nonPBR@Fire Rifle.fbx using Guid(14dee78e805cd9b42927a37de0ab44e9) Importer(815301076,1909f56bfc062723c751e8b465ee728b)  -> (artifact id: '3a982082f1e88eab1da5e22dc75285d2') in 0.013158 seconds
  Import took 0.018055 seconds .

========================================================================
Received Import Request.
  Time since last request: 2.985409 seconds.
  path: Assets/Animations/Players/Ch36_nonPBR@Fire Rifle.fbx
  artifactKey: Guid(14dee78e805cd9b42927a37de0ab44e9) Importer(815301076,1909f56bfc062723c751e8b465ee728b)
Start importing Assets/Animations/Players/Ch36_nonPBR@Fire Rifle.fbx using Guid(14dee78e805cd9b42927a37de0ab44e9) Importer(815301076,1909f56bfc062723c751e8b465ee728b)  -> (artifact id: '78c7c32cc237e06f19f0f16602d71209') in 0.012550 seconds
  Import took 0.017414 seconds .

========================================================================
Received Import Request.
  Time since last request: 0.001431 seconds.
  path: Assets/Animations/Players/Ch36_nonPBR@Fire Rifle.fbx
  artifactKey: Guid(14dee78e805cd9b42927a37de0ab44e9) Importer(815301076,1909f56bfc062723c751e8b465ee728b)
Start importing Assets/Animations/Players/Ch36_nonPBR@Fire Rifle.fbx using Guid(14dee78e805cd9b42927a37de0ab44e9) Importer(815301076,1909f56bfc062723c751e8b465ee728b)  -> (artifact id: '78c7c32cc237e06f19f0f16602d71209') in 0.011343 seconds
  Import took 0.015283 seconds .

========================================================================
Received Import Request.
  Time since last request: 5.823791 seconds.
  path: Assets/Animations/Players/Ch36_nonPBR@Fire Rifle.fbx
  artifactKey: Guid(14dee78e805cd9b42927a37de0ab44e9) Importer(815301076,1909f56bfc062723c751e8b465ee728b)
Start importing Assets/Animations/Players/Ch36_nonPBR@Fire Rifle.fbx using Guid(14dee78e805cd9b42927a37de0ab44e9) Importer(815301076,1909f56bfc062723c751e8b465ee728b)  -> (artifact id: 'ce3a00f5d7b83411d92b248802344f72') in 0.013675 seconds
  Import took 0.018575 seconds .

========================================================================
Received Import Request.
  Time since last request: 0.043424 seconds.
  path: Assets/Animations/Players/Ch36_nonPBR@Fire Rifle.fbx
  artifactKey: Guid(14dee78e805cd9b42927a37de0ab44e9) Importer(815301076,1909f56bfc062723c751e8b465ee728b)
Start importing Assets/Animations/Players/Ch36_nonPBR@Fire Rifle.fbx using Guid(14dee78e805cd9b42927a37de0ab44e9) Importer(815301076,1909f56bfc062723c751e8b465ee728b)  -> (artifact id: 'ce3a00f5d7b83411d92b248802344f72') in 0.011924 seconds
  Import took 0.015825 seconds .

========================================================================
Received Import Request.
  Time since last request: 2.387713 seconds.
  path: Assets/Animations/Players/Ch36_nonPBR@Fire Rifle.fbx
  artifactKey: Guid(14dee78e805cd9b42927a37de0ab44e9) Importer(815301076,1909f56bfc062723c751e8b465ee728b)
Start importing Assets/Animations/Players/Ch36_nonPBR@Fire Rifle.fbx using Guid(14dee78e805cd9b42927a37de0ab44e9) Importer(815301076,1909f56bfc062723c751e8b465ee728b)  -> (artifact id: 'fb2821e3eb8116ed0b1a5ebf64784ccf') in 0.012125 seconds
  Import took 0.018486 seconds .

========================================================================
Received Import Request.
  Time since last request: 0.001306 seconds.
  path: Assets/Animations/Players/Ch36_nonPBR@Fire Rifle.fbx
  artifactKey: Guid(14dee78e805cd9b42927a37de0ab44e9) Importer(815301076,1909f56bfc062723c751e8b465ee728b)
Start importing Assets/Animations/Players/Ch36_nonPBR@Fire Rifle.fbx using Guid(14dee78e805cd9b42927a37de0ab44e9) Importer(815301076,1909f56bfc062723c751e8b465ee728b)  -> (artifact id: 'fb2821e3eb8116ed0b1a5ebf64784ccf') in 0.012074 seconds
  Import took 0.016161 seconds .

========================================================================
Received Import Request.
  Time since last request: 36.782473 seconds.
  path: Assets/Animations/Players/Ch36_nonPBR@Fire Rifle.fbx
  artifactKey: Guid(14dee78e805cd9b42927a37de0ab44e9) Importer(815301076,1909f56bfc062723c751e8b465ee728b)
Start importing Assets/Animations/Players/Ch36_nonPBR@Fire Rifle.fbx using Guid(14dee78e805cd9b42927a37de0ab44e9) Importer(815301076,1909f56bfc062723c751e8b465ee728b)  -> (artifact id: '7023afad89b6c16ed673fe5d18b731fc') in 0.012002 seconds
  Import took 0.016772 seconds .

========================================================================
Received Import Request.
  Time since last request: 0.034441 seconds.
  path: Assets/Animations/Players/Ch36_nonPBR@Fire Rifle.fbx
  artifactKey: Guid(14dee78e805cd9b42927a37de0ab44e9) Importer(815301076,1909f56bfc062723c751e8b465ee728b)
Start importing Assets/Animations/Players/Ch36_nonPBR@Fire Rifle.fbx using Guid(14dee78e805cd9b42927a37de0ab44e9) Importer(815301076,1909f56bfc062723c751e8b465ee728b)  -> (artifact id: '7023afad89b6c16ed673fe5d18b731fc') in 0.011687 seconds
  Import took 0.016116 seconds .

========================================================================
Received Import Request.
  Time since last request: 20.763261 seconds.
  path: Assets/Animations/Players/Player.controller
  artifactKey: Guid(427d5c6d318fc65468e4fc3dcdb65bc4) Importer(815301076,1909f56bfc062723c751e8b465ee728b)
Start importing Assets/Animations/Players/Player.controller using Guid(427d5c6d318fc65468e4fc3dcdb65bc4) Importer(815301076,1909f56bfc062723c751e8b465ee728b)  -> (artifact id: 'f9aaf18c10c0c8a500e248000bfd32fa') in 0.016322 seconds
  Import took 0.021332 seconds .

========================================================================
Received Prepare
Registering precompiled user dll's ...
Registered in 0.002063 seconds.
Begin MonoManager ReloadAssembly
Native extension for WindowsStandalone target not found
Refreshing native plugins compatible for Editor in 0.40 ms, found 0 plugins.
Preloading 0 native plugins for Editor in 0.00 ms.
Invoked RoslynAnalysisRunner static constructor.
RoslynAnalysisRunner will not be running.
RoslynAnalysisRunner has terminated.
Mono: successfully reloaded assembly
- Completed reload, in  2.176 seconds
Platform modules already initialized, skipping
Refreshing native plugins compatible for Editor in 0.46 ms, found 0 plugins.
Preloading 0 native plugins for Editor in 0.00 ms.
Unloading 1141 Unused Serialized files (Serialized files now loaded: 0)
System memory in use before: 130.5 MB.
System memory in use after: 130.6 MB.

Unloading 5 unused Assets to reduce memory usage. Loaded Objects now: 1644.
Total: 2.621900 ms (FindLiveObjects: 0.189800 ms CreateObjectMapping: 0.066800 ms MarkObjects: 2.298500 ms  DeleteObjects: 0.064600 ms)

========================================================================
Received Prepare
Registering precompiled user dll's ...
Registered in 0.001826 seconds.
Begin MonoManager ReloadAssembly
Native extension for WindowsStandalone target not found
Refreshing native plugins compatible for Editor in 0.52 ms, found 0 plugins.
Preloading 0 native plugins for Editor in 0.00 ms.
Invoked RoslynAnalysisRunner static constructor.
RoslynAnalysisRunner will not be running.
RoslynAnalysisRunner has terminated.
Mono: successfully reloaded assembly
- Completed reload, in  2.036 seconds
Platform modules already initialized, skipping
Refreshing native plugins compatible for Editor in 0.40 ms, found 0 plugins.
Preloading 0 native plugins for Editor in 0.00 ms.
Unloading 1141 Unused Serialized files (Serialized files now loaded: 0)
System memory in use before: 130.7 MB.
System memory in use after: 130.8 MB.

Unloading 5 unused Assets to reduce memory usage. Loaded Objects now: 1646.
Total: 2.409200 ms (FindLiveObjects: 0.175400 ms CreateObjectMapping: 0.067200 ms MarkObjects: 2.099300 ms  DeleteObjects: 0.065600 ms)

========================================================================
Received Import Request.
  Time since last request: 404.642913 seconds.
  path: Assets/Animations/Players/Ch36_nonPBR@Fire Rifle.fbx
  artifactKey: Guid(14dee78e805cd9b42927a37de0ab44e9) Importer(815301076,1909f56bfc062723c751e8b465ee728b)
Start importing Assets/Animations/Players/Ch36_nonPBR@Fire Rifle.fbx using Guid(14dee78e805cd9b42927a37de0ab44e9) Importer(815301076,1909f56bfc062723c751e8b465ee728b)  -> (artifact id: '69b3eb3aa1796be10a45162475ab51eb') in 0.147254 seconds
  Import took 0.164004 seconds .

========================================================================
Received Import Request.
  Time since last request: 1.086357 seconds.
  path: Assets/Animations/Players/Ch36_nonPBR@Fire Rifle.fbx
  artifactKey: Guid(14dee78e805cd9b42927a37de0ab44e9) Importer(815301076,1909f56bfc062723c751e8b465ee728b)
Start importing Assets/Animations/Players/Ch36_nonPBR@Fire Rifle.fbx using Guid(14dee78e805cd9b42927a37de0ab44e9) Importer(815301076,1909f56bfc062723c751e8b465ee728b)  -> (artifact id: '69b3eb3aa1796be10a45162475ab51eb') in 0.013375 seconds
  Import took 0.018374 seconds .

========================================================================
Received Import Request.
  Time since last request: 7.187075 seconds.
  path: Assets/Animations/Players/Ch36_nonPBR@Fire Rifle.fbx
  artifactKey: Guid(14dee78e805cd9b42927a37de0ab44e9) Importer(815301076,1909f56bfc062723c751e8b465ee728b)
Start importing Assets/Animations/Players/Ch36_nonPBR@Fire Rifle.fbx using Guid(14dee78e805cd9b42927a37de0ab44e9) Importer(815301076,1909f56bfc062723c751e8b465ee728b)  -> (artifact id: '17fe9e0bfa03b4f1ed5c5b14e693899d') in 0.016286 seconds
  Import took 0.022060 seconds .

========================================================================
Received Import Request.
  Time since last request: 0.003846 seconds.
  path: Assets/Animations/Players/Ch36_nonPBR@Fire Rifle.fbx
  artifactKey: Guid(14dee78e805cd9b42927a37de0ab44e9) Importer(815301076,1909f56bfc062723c751e8b465ee728b)
Start importing Assets/Animations/Players/Ch36_nonPBR@Fire Rifle.fbx using Guid(14dee78e805cd9b42927a37de0ab44e9) Importer(815301076,1909f56bfc062723c751e8b465ee728b)  -> (artifact id: '17fe9e0bfa03b4f1ed5c5b14e693899d') in 0.013621 seconds
  Import took 0.017942 seconds .

========================================================================
Received Prepare
Registering precompiled user dll's ...
Registered in 0.001619 seconds.
Begin MonoManager ReloadAssembly
Native extension for WindowsStandalone target not found
Refreshing native plugins compatible for Editor in 0.40 ms, found 0 plugins.
Preloading 0 native plugins for Editor in 0.00 ms.
Invoked RoslynAnalysisRunner static constructor.
RoslynAnalysisRunner will not be running.
RoslynAnalysisRunner has terminated.
Mono: successfully reloaded assembly
- Completed reload, in  2.044 seconds
Platform modules already initialized, skipping
Refreshing native plugins compatible for Editor in 0.43 ms, found 0 plugins.
Preloading 0 native plugins for Editor in 0.00 ms.
Unloading 1141 Unused Serialized files (Serialized files now loaded: 0)
System memory in use before: 130.8 MB.
System memory in use after: 130.8 MB.

Unloading 5 unused Assets to reduce memory usage. Loaded Objects now: 1648.
Total: 2.711900 ms (FindLiveObjects: 0.285500 ms CreateObjectMapping: 0.070600 ms MarkObjects: 2.281800 ms  DeleteObjects: 0.071600 ms)

AssetImportWorkerClient::OnTransportError - code=2 error=End of file
